<?xml version="1.0" encoding="UTF-8"?>
<testng-results ignored="0" total="1" passed="1" failed="0" skipped="0">
  <reporter-output>
  </reporter-output>
  <suite started-at="2024-08-08T17:49:55 IST" name="Suite" finished-at="2024-08-08T17:50:02 IST" duration-ms="6744">
    <groups>
      <group name="cucumber">
        <method signature="AbstractTestNGCucumberTests.runScenario(io.cucumber.testng.PickleWrapper,io.cucumber.testng.FeatureWrapper)[pri:0, instance:runners.RunCuke@4f0f2942]" name="runScenario" class="io.cucumber.testng.AbstractTestNGCucumberTests"/>
      </group> <!-- cucumber -->
    </groups>
    <test started-at="2024-08-08T17:49:55 IST" name="Test" finished-at="2024-08-08T17:50:02 IST" duration-ms="6744">
      <class name="runners.RunCuke">
        <test-method is-config="true" signature="setUpClass(org.testng.ITestContext)[pri:0, instance:runners.RunCuke@4f0f2942]" started-at="2024-08-08T17:49:55 IST" name="setUpClass" finished-at="2024-08-08T17:49:56 IST" duration-ms="916" status="PASS">
          <params>
            <param index="0">
              <value>
                <![CDATA[org.testng.TestRunner@4b957db0]]>
              </value>
            </param>
          </params>
          <reporter-output>
          </reporter-output>
        </test-method> <!-- setUpClass -->
        <test-method signature="runScenario(io.cucumber.testng.PickleWrapper,io.cucumber.testng.FeatureWrapper)[pri:0, instance:runners.RunCuke@4f0f2942]" started-at="2024-08-08T17:49:56 IST" name="runScenario" description="Runs Cucumber Scenarios" data-provider="scenarios" finished-at="2024-08-08T17:50:02 IST" duration-ms="5347" status="PASS">
          <params>
            <param index="0">
              <value>
                <![CDATA["Finding new cars"]]>
              </value>
            </param>
            <param index="1">
              <value>
                <![CDATA["Searching new cars"]]>
              </value>
            </param>
          </params>
          <reporter-output>
          </reporter-output>
        </test-method> <!-- runScenario -->
        <test-method is-config="true" signature="tearDownClass()[pri:0, instance:runners.RunCuke@4f0f2942]" started-at="2024-08-08T17:50:02 IST" name="tearDownClass" finished-at="2024-08-08T17:50:02 IST" duration-ms="430" status="PASS">
          <reporter-output>
          </reporter-output>
        </test-method> <!-- tearDownClass -->
      </class> <!-- runners.RunCuke -->
    </test> <!-- Test -->
  </suite> <!-- Suite -->
</testng-results>
